# JRE version: Java(TM) SE Runtime Environment (8.0_72-b15) (build 1.8.0_72-b15)
# Java VM: Java HotSpot(TM) 64-Bit Server VM (25.72-b15 mixed mode linux-amd64 compressed oops)
Heap:
 PSYoungGen      total 416256K, used 7145K [0x00000000d6f00000, 0x00000000f1200000, 0x0000000100000000)
  eden space 403456K, 0% used [0x00000000d6f00000,0x00000000d6f00000,0x00000000ef900000)
  from space 12800K, 55% used [0x00000000ef900000,0x00000000efffa798,0x00000000f0580000)
  to   space 12800K, 0% used [0x00000000f0580000,0x00000000f0580000,0x00000000f1200000)
 ParOldGen       total 84992K, used 25521K [0x0000000084c00000, 0x0000000089f00000, 0x00000000d6f00000)
  object space 84992K, 30% used [0x0000000084c00000,0x00000000864ec758,0x0000000089f00000)
 Metaspace       used 18880K, capacity 19630K, committed 19840K, reserved 1067008K
  class space    used 2110K, capacity 2333K, committed 2432K, reserved 1048576K
GC Heap History (10 events):
Event: 9.569 GC heap after
Heap after GC invocations=6 (full 0):
 PSYoungGen      total 135168K, used 7728K [0x00000000d6f00000, 0x00000000dfd00000, 0x0000000100000000)
  eden space 126464K, 0% used [0x00000000d6f00000,0x00000000d6f00000,0x00000000dea80000)
  from space 8704K, 88% used [0x00000000df380000,0x00000000dfb0c010,0x00000000dfc00000)
  to   space 9216K, 0% used [0x00000000dea80000,0x00000000dea80000,0x00000000df380000)
 ParOldGen       total 84992K, used 6695K [0x0000000084c00000, 0x0000000089f00000, 0x00000000d6f00000)
  object space 84992K, 7% used [0x0000000084c00000,0x0000000085289c68,0x0000000089f00000)
 Metaspace       used 14394K, capacity 14742K, committed 14848K, reserved 1062912K
  class space    used 1655K, capacity 1764K, committed 1792K, reserved 1048576K
}
Event: 12.490 GC heap before
{Heap before GC invocations=7 (full 0):
 PSYoungGen      total 135168K, used 134192K [0x00000000d6f00000, 0x00000000dfd00000, 0x0000000100000000)
  eden space 126464K, 100% used [0x00000000d6f00000,0x00000000dea80000,0x00000000dea80000)
  from space 8704K, 88% used [0x00000000df380000,0x00000000dfb0c010,0x00000000dfc00000)
  to   space 9216K, 0% used [0x00000000dea80000,0x00000000dea80000,0x00000000df380000)
 ParOldGen       total 84992K, used 6695K [0x0000000084c00000, 0x0000000089f00000, 0x00000000d6f00000)
  object space 84992K, 7% used [0x0000000084c00000,0x0000000085289c68,0x0000000089f00000)
 Metaspace       used 14759K, capacity 15092K, committed 15360K, reserved 1062912K
  class space    used 1690K, capacity 1773K, committed 1792K, reserved 1048576K
Event: 12.535 GC heap after
Heap after GC invocations=7 (full 0):
 PSYoungGen      total 135680K, used 9216K [0x00000000d6f00000, 0x00000000e7c00000, 0x0000000100000000)
  eden space 126464K, 0% used [0x00000000d6f00000,0x00000000d6f00000,0x00000000dea80000)
  from space 9216K, 100% used [0x00000000dea80000,0x00000000df380000,0x00000000df380000)
  to   space 11264K, 0% used [0x00000000e7100000,0x00000000e7100000,0x00000000e7c00000)
 ParOldGen       total 84992K, used 9517K [0x0000000084c00000, 0x0000000089f00000, 0x00000000d6f00000)
  object space 84992K, 11% used [0x0000000084c00000,0x000000008554b728,0x0000000089f00000)
 Metaspace       used 14759K, capacity 15092K, committed 15360K, reserved 1062912K
  class space    used 1690K, capacity 1773K, committed 1792K, reserved 1048576K
}
Event: 15.143 GC heap before
{Heap before GC invocations=8 (full 0):
 PSYoungGen      total 135680K, used 135680K [0x00000000d6f00000, 0x00000000e7c00000, 0x0000000100000000)
  eden space 126464K, 100% used [0x00000000d6f00000,0x00000000dea80000,0x00000000dea80000)
  from space 9216K, 100% used [0x00000000dea80000,0x00000000df380000,0x00000000df380000)
  to   space 11264K, 0% used [0x00000000e7100000,0x00000000e7100000,0x00000000e7c00000)
 ParOldGen       total 84992K, used 9517K [0x0000000084c00000, 0x0000000089f00000, 0x00000000d6f00000)
  object space 84992K, 11% used [0x0000000084c00000,0x000000008554b728,0x0000000089f00000)
 Metaspace       used 15912K, capacity 16414K, committed 16640K, reserved 1064960K
  class space    used 1807K, capacity 1982K, committed 2048K, reserved 1048576K
Event: 15.269 GC heap after
Heap after GC invocations=8 (full 0):
 PSYoungGen      total 263168K, used 10801K [0x00000000d6f00000, 0x00000000e7e00000, 0x0000000100000000)
  eden space 251904K, 0% used [0x00000000d6f00000,0x00000000d6f00000,0x00000000e6500000)
  from space 11264K, 95% used [0x00000000e7100000,0x00000000e7b8c6a0,0x00000000e7c00000)
  to   space 12288K, 0% used [0x00000000e6500000,0x00000000e6500000,0x00000000e7100000)
 ParOldGen       total 84992K, used 11229K [0x0000000084c00000, 0x0000000089f00000, 0x00000000d6f00000)
  object space 84992K, 13% used [0x0000000084c00000,0x00000000856f7728,0x0000000089f00000)
 Metaspace       used 15912K, capacity 16414K, committed 16640K, reserved 1064960K
  class space    used 1807K, capacity 1982K, committed 2048K, reserved 1048576K
}
Event: 21.388 GC heap before
{Heap before GC invocations=9 (full 0):
 PSYoungGen      total 263168K, used 262705K [0x00000000d6f00000, 0x00000000e7e00000, 0x0000000100000000)
  eden space 251904K, 100% used [0x00000000d6f00000,0x00000000e6500000,0x00000000e6500000)
  from space 11264K, 95% used [0x00000000e7100000,0x00000000e7b8c6a0,0x00000000e7c00000)
  to   space 12288K, 0% used [0x00000000e6500000,0x00000000e6500000,0x00000000e7100000)
 ParOldGen       total 84992K, used 11229K [0x0000000084c00000, 0x0000000089f00000, 0x00000000d6f00000)
  object space 84992K, 13% used [0x0000000084c00000,0x00000000856f7728,0x0000000089f00000)
 Metaspace       used 16126K, capacity 16688K, committed 16896K, reserved 1064960K
  class space    used 1810K, capacity 1985K, committed 2048K, reserved 1048576K
Event: 21.429 GC heap after
Heap after GC invocations=9 (full 0):
 PSYoungGen      total 264192K, used 9632K [0x00000000d6f00000, 0x00000000f1200000, 0x0000000100000000)
  eden space 251904K, 0% used [0x00000000d6f00000,0x00000000d6f00000,0x00000000e6500000)
  from space 12288K, 78% used [0x00000000e6500000,0x00000000e6e68000,0x00000000e7100000)
  to   space 12800K, 0% used [0x00000000f0580000,0x00000000f0580000,0x00000000f1200000)
 ParOldGen       total 84992K, used 14533K [0x0000000084c00000, 0x0000000089f00000, 0x00000000d6f00000)
  object space 84992K, 17% used [0x0000000084c00000,0x0000000085a31728,0x0000000089f00000)
 Metaspace       used 16126K, capacity 16688K, committed 16896K, reserved 1064960K
  class space    used 1810K, capacity 1985K, committed 2048K, reserved 1048576K
}
Event: 31.081 GC heap before
{Heap before GC invocations=10 (full 0):
 PSYoungGen      total 264192K, used 261536K [0x00000000d6f00000, 0x00000000f1200000, 0x0000000100000000)
  eden space 251904K, 100% used [0x00000000d6f00000,0x00000000e6500000,0x00000000e6500000)
  from space 12288K, 78% used [0x00000000e6500000,0x00000000e6e68000,0x00000000e7100000)
  to   space 12800K, 0% used [0x00000000f0580000,0x00000000f0580000,0x00000000f1200000)
 ParOldGen       total 84992K, used 14533K [0x0000000084c00000, 0x0000000089f00000, 0x00000000d6f00000)
  object space 84992K, 17% used [0x0000000084c00000,0x0000000085a31728,0x0000000089f00000)
 Metaspace       used 16932K, capacity 17550K, committed 17792K, reserved 1064960K
  class space    used 1893K, capacity 2053K, committed 2176K, reserved 1048576K
Event: 31.125 GC heap after
Heap after GC invocations=10 (full 0):
 PSYoungGen      total 416256K, used 6227K [0x00000000d6f00000, 0x00000000f1200000, 0x0000000100000000)
  eden space 403456K, 0% used [0x00000000d6f00000,0x00000000d6f00000,0x00000000ef900000)
  from space 12800K, 48% used [0x00000000f0580000,0x00000000f0b94f70,0x00000000f1200000)
  to   space 12800K, 0% used [0x00000000ef900000,0x00000000ef900000,0x00000000f0580000)
 ParOldGen       total 84992K, used 20405K [0x0000000084c00000, 0x0000000089f00000, 0x00000000d6f00000)
  object space 84992K, 24% used [0x0000000084c00000,0x0000000085fed738,0x0000000089f00000)
 Metaspace       used 16932K, capacity 17550K, committed 17792K, reserved 1064960K
  class space    used 1893K, capacity 2053K, committed 2176K, reserved 1048576K
}
Event: 109.366 GC heap before
{Heap before GC invocations=11 (full 0):
 PSYoungGen      total 416256K, used 409683K [0x00000000d6f00000, 0x00000000f1200000, 0x0000000100000000)
  eden space 403456K, 100% used [0x00000000d6f00000,0x00000000ef900000,0x00000000ef900000)
  from space 12800K, 48% used [0x00000000f0580000,0x00000000f0b94f70,0x00000000f1200000)
  to   space 12800K, 0% used [0x00000000ef900000,0x00000000ef900000,0x00000000f0580000)
 ParOldGen       total 84992K, used 20405K [0x0000000084c00000, 0x0000000089f00000, 0x00000000d6f00000)
  object space 84992K, 24% used [0x0000000084c00000,0x0000000085fed738,0x0000000089f00000)
 Metaspace       used 18880K, capacity 19630K, committed 19840K, reserved 1067008K
  class space    used 2110K, capacity 2333K, committed 2432K, reserved 1048576K

