# JRE version: Java(TM) SE Runtime Environment (8.0_72-b15) (build 1.8.0_72-b15)
# Java VM: Java HotSpot(TM) 64-Bit Server VM (25.72-b15 mixed mode linux-amd64 compressed oops)
Heap:
 PSYoungGen      total 635904K, used 0K [0x00000000d6f00000, 0x0000000100000000, 0x0000000100000000)
  eden space 626688K, 0% used [0x00000000d6f00000,0x00000000d6f00000,0x00000000fd300000)
  from space 9216K, 0% used [0x00000000fd300000,0x00000000fd300000,0x00000000fdc00000)
  to   space 25088K, 0% used [0x00000000fe780000,0x00000000fe780000,0x0000000100000000)
 ParOldGen       total 69632K, used 63715K [0x0000000084c00000, 0x0000000089000000, 0x00000000d6f00000)
  object space 69632K, 91% used [0x0000000084c00000,0x0000000088a38ca0,0x0000000089000000)
 Metaspace       used 22951K, capacity 23764K, committed 23808K, reserved 1071104K
  class space    used 2577K, capacity 2802K, committed 2816K, reserved 1048576K
GC Heap History (10 events):
Event: 37.071 GC heap after
Heap after GC invocations=16 (full 1):
 PSYoungGen      total 399360K, used 2176K [0x00000000d6f00000, 0x00000000f8400000, 0x0000000100000000)
  eden space 389632K, 0% used [0x00000000d6f00000,0x00000000d6f00000,0x00000000eeb80000)
  from space 9728K, 22% used [0x00000000eeb80000,0x00000000eeda0010,0x00000000ef500000)
  to   space 9728K, 0% used [0x00000000f7a80000,0x00000000f7a80000,0x00000000f8400000)
 ParOldGen       total 61952K, used 22805K [0x0000000084c00000, 0x0000000088880000, 0x00000000d6f00000)
  object space 61952K, 36% used [0x0000000084c00000,0x0000000086245790,0x0000000088880000)
 Metaspace       used 22770K, capacity 23636K, committed 23808K, reserved 1071104K
  class space    used 2571K, capacity 2802K, committed 2816K, reserved 1048576K
}
Event: 38.076 GC heap before
{Heap before GC invocations=17 (full 1):
 PSYoungGen      total 399360K, used 391808K [0x00000000d6f00000, 0x00000000f8400000, 0x0000000100000000)
  eden space 389632K, 100% used [0x00000000d6f00000,0x00000000eeb80000,0x00000000eeb80000)
  from space 9728K, 22% used [0x00000000eeb80000,0x00000000eeda0010,0x00000000ef500000)
  to   space 9728K, 0% used [0x00000000f7a80000,0x00000000f7a80000,0x00000000f8400000)
 ParOldGen       total 61952K, used 22805K [0x0000000084c00000, 0x0000000088880000, 0x00000000d6f00000)
  object space 61952K, 36% used [0x0000000084c00000,0x0000000086245790,0x0000000088880000)
 Metaspace       used 22776K, capacity 23636K, committed 23808K, reserved 1071104K
  class space    used 2571K, capacity 2802K, committed 2816K, reserved 1048576K
Event: 38.084 GC heap after
Heap after GC invocations=17 (full 1):
 PSYoungGen      total 524800K, used 2624K [0x00000000d6f00000, 0x00000000f7e80000, 0x0000000100000000)
  eden space 520704K, 0% used [0x00000000d6f00000,0x00000000d6f00000,0x00000000f6b80000)
  from space 4096K, 64% used [0x00000000f7a80000,0x00000000f7d10010,0x00000000f7e80000)
  to   space 9728K, 0% used [0x00000000f6b80000,0x00000000f6b80000,0x00000000f7500000)
 ParOldGen       total 61952K, used 24733K [0x0000000084c00000, 0x0000000088880000, 0x00000000d6f00000)
  object space 61952K, 39% used [0x0000000084c00000,0x0000000086427790,0x0000000088880000)
 Metaspace       used 22776K, capacity 23636K, committed 23808K, reserved 1071104K
  class space    used 2571K, capacity 2802K, committed 2816K, reserved 1048576K
}
Event: 39.359 GC heap before
{Heap before GC invocations=18 (full 1):
 PSYoungGen      total 524800K, used 523328K [0x00000000d6f00000, 0x00000000f7e80000, 0x0000000100000000)
  eden space 520704K, 100% used [0x00000000d6f00000,0x00000000f6b80000,0x00000000f6b80000)
  from space 4096K, 64% used [0x00000000f7a80000,0x00000000f7d10010,0x00000000f7e80000)
  to   space 9728K, 0% used [0x00000000f6b80000,0x00000000f6b80000,0x00000000f7500000)
 ParOldGen       total 61952K, used 24733K [0x0000000084c00000, 0x0000000088880000, 0x00000000d6f00000)
  object space 61952K, 39% used [0x0000000084c00000,0x0000000086427790,0x0000000088880000)
 Metaspace       used 22778K, capacity 23636K, committed 23808K, reserved 1071104K
  class space    used 2571K, capacity 2802K, committed 2816K, reserved 1048576K
Event: 39.367 GC heap after
Heap after GC invocations=18 (full 1):
 PSYoungGen      total 530432K, used 2496K [0x00000000d6f00000, 0x00000000fea00000, 0x0000000100000000)
  eden space 520704K, 0% used [0x00000000d6f00000,0x00000000d6f00000,0x00000000f6b80000)
  from space 9728K, 25% used [0x00000000f6b80000,0x00000000f6df0000,0x00000000f7500000)
  to   space 9728K, 0% used [0x00000000fe080000,0x00000000fe080000,0x00000000fea00000)
 ParOldGen       total 61952K, used 27061K [0x0000000084c00000, 0x0000000088880000, 0x00000000d6f00000)
  object space 61952K, 43% used [0x0000000084c00000,0x000000008666d7a0,0x0000000088880000)
 Metaspace       used 22778K, capacity 23636K, committed 23808K, reserved 1071104K
  class space    used 2571K, capacity 2802K, committed 2816K, reserved 1048576K
}
Event: 42.843 GC heap before
{Heap before GC invocations=19 (full 1):
 PSYoungGen      total 530432K, used 523200K [0x00000000d6f00000, 0x00000000fea00000, 0x0000000100000000)
  eden space 520704K, 100% used [0x00000000d6f00000,0x00000000f6b80000,0x00000000f6b80000)
  from space 9728K, 25% used [0x00000000f6b80000,0x00000000f6df0000,0x00000000f7500000)
  to   space 9728K, 0% used [0x00000000fe080000,0x00000000fe080000,0x00000000fea00000)
 ParOldGen       total 61952K, used 27061K [0x0000000084c00000, 0x0000000088880000, 0x00000000d6f00000)
  object space 61952K, 43% used [0x0000000084c00000,0x000000008666d7a0,0x0000000088880000)
 Metaspace       used 22818K, capacity 23636K, committed 23808K, reserved 1071104K
  class space    used 2574K, capacity 2802K, committed 2816K, reserved 1048576K
Event: 42.868 GC heap after
Heap after GC invocations=19 (full 1):
 PSYoungGen      total 631296K, used 3136K [0x00000000d6f00000, 0x00000000fe500000, 0x0000000100000000)
  eden space 626688K, 0% used [0x00000000d6f00000,0x00000000d6f00000,0x00000000fd300000)
  from space 4608K, 68% used [0x00000000fe080000,0x00000000fe390010,0x00000000fe500000)
  to   space 9216K, 0% used [0x00000000fd300000,0x00000000fd300000,0x00000000fdc00000)
 ParOldGen       total 61952K, used 29461K [0x0000000084c00000, 0x0000000088880000, 0x00000000d6f00000)
  object space 61952K, 47% used [0x0000000084c00000,0x00000000868c57a0,0x0000000088880000)
 Metaspace       used 22818K, capacity 23636K, committed 23808K, reserved 1071104K
  class space    used 2574K, capacity 2802K, committed 2816K, reserved 1048576K
}
Event: 76.175 GC heap before
{Heap before GC invocations=20 (full 1):
 PSYoungGen      total 631296K, used 629824K [0x00000000d6f00000, 0x00000000fe500000, 0x0000000100000000)
  eden space 626688K, 100% used [0x00000000d6f00000,0x00000000fd300000,0x00000000fd300000)
  from space 4608K, 68% used [0x00000000fe080000,0x00000000fe390010,0x00000000fe500000)
  to   space 9216K, 0% used [0x00000000fd300000,0x00000000fd300000,0x00000000fdc00000)
 ParOldGen       total 61952K, used 29461K [0x0000000084c00000, 0x0000000088880000, 0x00000000d6f00000)
  object space 61952K, 47% used [0x0000000084c00000,0x00000000868c57a0,0x0000000088880000)
 Metaspace       used 22951K, capacity 23764K, committed 23808K, reserved 1071104K
  class space    used 2577K, capacity 2802K, committed 2816K, reserved 1048576K
Event: 77.010 GC heap after
Heap after GC invocations=20 (full 1):
 PSYoungGen      total 635904K, used 9195K [0x00000000d6f00000, 0x0000000100000000, 0x0000000100000000)
  eden space 626688K, 0% used [0x00000000d6f00000,0x00000000d6f00000,0x00000000fd300000)
  from space 9216K, 99% used [0x00000000fd300000,0x00000000fdbfafb0,0x00000000fdc00000)
  to   space 25088K, 0% used [0x00000000fe780000,0x00000000fe780000,0x0000000100000000)
 ParOldGen       total 69632K, used 69265K [0x0000000084c00000, 0x0000000089000000, 0x00000000d6f00000)
  object space 69632K, 99% used [0x0000000084c00000,0x0000000088fa4420,0x0000000089000000)
 Metaspace       used 22951K, capacity 23764K, committed 23808K, reserved 1071104K
  class space    used 2577K, capacity 2802K, committed 2816K, reserved 1048576K
}
Event: 77.476 GC heap before
{Heap before GC invocations=21 (full 2):
 PSYoungGen      total 635904K, used 9195K [0x00000000d6f00000, 0x0000000100000000, 0x0000000100000000)
  eden space 626688K, 0% used [0x00000000d6f00000,0x00000000d6f00000,0x00000000fd300000)
  from space 9216K, 99% used [0x00000000fd300000,0x00000000fdbfafb0,0x00000000fdc00000)
  to   space 25088K, 0% used [0x00000000fe780000,0x00000000fe780000,0x0000000100000000)
 ParOldGen       total 69632K, used 69265K [0x0000000084c00000, 0x0000000089000000, 0x00000000d6f00000)
  object space 69632K, 99% used [0x0000000084c00000,0x0000000088fa4420,0x0000000089000000)
 Metaspace       used 22951K, capacity 23764K, committed 23808K, reserved 1071104K
  class space    used 2577K, capacity 2802K, committed 2816K, reserved 1048576K

